[2026-06-06T14:36:33.727Z] Ready at http://localhost:3001/reporter-email
[2026-06-06T14:39:32.007Z] Sent to edgunts@aol.com (Ed Gunts)
[2026-06-06T14:39:32.015Z] Logged contact for edgunts@aol.com
[2026-06-06T14:40:45.861Z] Sent to nmiller@wypr.org (Nathanael Miller)
[2026-06-06T14:40:45.870Z] Logged contact for nmiller@wypr.org
[2026-06-06T14:41:39.012Z] Sent to emily.opilo@thebaltimorebanner.com (Emily Opilo)
[2026-06-06T14:41:39.019Z] Logged contact for emily.opilo@thebaltimorebanner.com
[2026-06-06T14:41:39.031Z] All tokens consumed — shutting down.
[2026-06-08T15:33:49.445Z] Ready at http://localhost:3001/reporter-email
[2026-06-08T20:18:10.068Z] Sent to tkarpovich@baltsun.com (Todd Karpovich)
[2026-06-08T20:18:10.074Z] Logged contact for tkarpovich@baltsun.com
[2026-06-08T20:18:47.558Z] Sent to bcarlton@baltsun.com (Brian Carlton)
[2026-06-08T20:18:47.561Z] Logged contact for bcarlton@baltsun.com
[2026-06-08T20:18:47.566Z] All tokens consumed — shutting down.
[2026-06-09T15:56:14.069Z] Ready at http://localhost:3001/reporter-email
[2026-06-09T16:10:14.830Z] Sent to aliza@baltimorefishbowl.com (Aliza Worthington)
[2026-06-09T16:10:14.835Z] Logged contact for aliza@baltimorefishbowl.com
[2026-06-09T16:10:59.078Z] Sent to ccondon@marylandmatters.org (Christine Condon)
[2026-06-09T16:10:59.081Z] Logged contact for ccondon@marylandmatters.org
[2026-06-09T16:12:03.254Z] Sent to jkauderer@baltsun.com (Jake Kauderer)
[2026-06-09T16:12:03.259Z] Logged contact for jkauderer@baltsun.com
[2026-06-09T16:12:52.875Z] Sent to alex.mann@thebaltimorebanner.com (Alex Mann)
[2026-06-09T16:12:52.879Z] Logged contact for alex.mann@thebaltimorebanner.com
[2026-06-09T16:12:52.882Z] All tokens consumed — shutting down.
[2026-06-10T12:59:51.951Z] Ready at http://localhost:3001/reporter-email
[2026-06-10T13:06:07.395Z] Sent to JT.MoodeeLockman@Paramount.com (JT Moodee Lockman)
[2026-06-10T13:06:07.402Z] Logged contact for JT.MoodeeLockman@Paramount.com
[2026-06-10T14:26:59.522Z] Sent to dbrown@marylandmatters.org (Danielle J. Brown)
[2026-06-10T14:26:59.526Z] Logged contact for dbrown@marylandmatters.org
[2026-06-10T14:28:01.008Z] Sent to edgunts@aol.com (Ed Gunts)
[2026-06-10T14:28:01.014Z] Logged contact for edgunts@aol.com
[2026-06-10T14:28:49.395Z] Sent to bsears@marylandmatters.org (Bryan Sears)
[2026-06-10T14:28:49.399Z] Logged contact for bsears@marylandmatters.org
[2026-06-10T14:30:00.712Z] Sent to spetrowich@wypr.org (Sarah Petrowich)
[2026-06-10T14:30:00.717Z] Logged contact for spetrowich@wypr.org
[2026-06-10T14:30:27.042Z] Sent to mibrahim@baltsun.com (Mennatalla Ibrahim)
[2026-06-10T14:30:27.047Z] Logged contact for mibrahim@baltsun.com
[2026-06-10T14:30:27.052Z] All tokens consumed — shutting down.
[2026-06-11T16:20:51.240Z] Ready at http://localhost:3001/reporter-email
[2026-06-11T16:22:36.729Z] Sent to john.oconnor@thebaltimorebanner.com (John O'Connor)
[2026-06-11T16:22:36.734Z] Logged contact for john.oconnor@thebaltimorebanner.com
[2026-06-11T16:23:39.392Z] Sent to wford@marylandmatters.org (William Ford)
[2026-06-11T16:23:39.395Z] Logged contact for wford@marylandmatters.org
[2026-06-12T15:33:16.418Z] Ready at http://localhost:3001/reporter-email
[2026-06-12T15:37:01.150Z] Sent to marcus@baltimorefishbowl.com (Marcus Dieterle)
[2026-06-12T15:37:01.155Z] Logged contact for marcus@baltimorefishbowl.com
[2026-06-12T15:37:55.753Z] Sent to bnordstrom@baltsun.com (Brendan Nordstrom)
[2026-06-12T15:37:55.754Z] Logged contact for bnordstrom@baltsun.com
[2026-06-12T15:40:46.051Z] Sent to ccondon@marylandmatters.org (Christine Condon)
[2026-06-12T15:40:46.055Z] Logged contact for ccondon@marylandmatters.org
[2026-06-12T15:42:09.653Z] Sent to nmiller@wypr.org (Nathanael Miller)
[2026-06-12T15:42:09.655Z] Logged contact for nmiller@wypr.org
[2026-06-12T15:42:09.656Z] All tokens consumed — shutting down.
[2026-06-15T13:53:33.669Z] Ready at http://localhost:3001/reporter-email
[2026-06-15T14:01:38.814Z] Sent to justin.fenton@thebaltimorebanner.com (Justin Fenton)
[2026-06-15T14:01:38.817Z] Logged contact for justin.fenton@thebaltimorebanner.com
[2026-06-15T14:02:27.681Z] Sent to wford@marylandmatters.org (William Ford)
[2026-06-15T14:02:27.684Z] Logged contact for wford@marylandmatters.org
[2026-06-15T14:03:13.364Z] Sent to jlee@wypr.org (John Lee)
[2026-06-15T14:03:13.368Z] Logged contact for jlee@wypr.org
[2026-06-15T14:03:56.352Z] Sent to cpryce@baltsun.com (Chevall Pryce)
[2026-06-15T14:03:56.357Z] Logged contact for cpryce@baltsun.com
[2026-06-15T14:04:30.844Z] Sent to myelenik@baltsun.com (Marissa Yelenik)
[2026-06-15T14:04:30.847Z] Logged contact for myelenik@baltsun.com
[2026-06-15T14:04:30.849Z] All tokens consumed — shutting down.
